<?xml version="1.0" encoding="UTF-8"?>
<!-- Generated by org.testng.reporters.JUnitXMLReporter -->
<testsuite ignored="0" hostname="ShivamLaptop" failures="0" tests="3" name="Default test" time="8.568" errors="0" timestamp="2023-06-23T12:12:44 IST">
  <testcase classname="api.test.DDTests" name="testPostuser" time="3.616"/>
  <testcase classname="api.test.DDTests" name="testPostuser" time="1.891"/>
  <testcase classname="api.test.DDTests" name="testPostuser" time="1.832"/>
</testsuite> <!-- Default test -->
