<?xml version="1.0" encoding="UTF-8"?>
<!-- Generated by org.testng.reporters.JUnitXMLReporter -->
<testsuite ignored="0" hostname="ShivamLaptop" failures="0" tests="4" name="PetTests" time="15.937" errors="0" timestamp="2023-06-29T02:13:22 IST">
  <testcase classname="api.test.UserTests2" name="testPostUser" time="4.274"/>
  <testcase classname="api.test.UserTests2" name="testGetUserByName" time="2.015"/>
  <testcase classname="api.test.UserTests2" name="testUpdateUserByName" time="6.834"/>
  <testcase classname="api.test.UserTests2" name="testDeleteuserByName" time="1.787"/>
</testsuite> <!-- PetTests -->
