<?xml version="1.0" encoding="UTF-8"?>
<!-- Generated by org.testng.reporters.JUnitXMLReporter -->
<testsuite ignored="0" hostname="ShivamLaptop" failures="0" tests="4" name="PetTests" time="11.561" errors="0" timestamp="2023-06-29T02:37:58 IST">
  <testcase classname="api.test.UserTests2" name="testPostUser" time="3.563"/>
  <testcase classname="api.test.UserTests2" name="testGetUserByName" time="1.842"/>
  <testcase classname="api.test.UserTests2" name="testUpdateUserByName" time="3.493"/>
  <testcase classname="api.test.UserTests2" name="testDeleteuserByName" time="1.744"/>
</testsuite> <!-- PetTests -->
