<?xml version="1.0" encoding="UTF-8"?>
<testng-results ignored="0" total="4" passed="4" failed="0" skipped="0">
  <reporter-output>
  </reporter-output>
  <suite started-at="2023-06-29T02:13:06 IST" name="Suite" finished-at="2023-06-29T02:13:22 IST" duration-ms="15937">
    <groups>
    </groups>
    <test started-at="2023-06-29T02:13:06 IST" name="PetTests" finished-at="2023-06-29T02:13:22 IST" duration-ms="15937">
      <class name="api.test.UserTests2">
        <test-method is-config="true" signature="setup()[pri:0, instance:api.test.UserTests2@223191a6]" started-at="2023-06-29T02:13:06 IST" name="setup" finished-at="2023-06-29T02:13:07 IST" duration-ms="730" status="PASS">
          <reporter-output>
          </reporter-output>
        </test-method> <!-- setup -->
        <test-method signature="testPostUser()[pri:1, instance:api.test.UserTests2@223191a6]" started-at="2023-06-29T02:13:07 IST" name="testPostUser" finished-at="2023-06-29T02:13:11 IST" duration-ms="4274" status="PASS">
          <reporter-output>
          </reporter-output>
        </test-method> <!-- testPostUser -->
        <test-method signature="testGetUserByName()[pri:2, instance:api.test.UserTests2@223191a6]" started-at="2023-06-29T02:13:11 IST" name="testGetUserByName" finished-at="2023-06-29T02:13:14 IST" duration-ms="2015" status="PASS">
          <reporter-output>
          </reporter-output>
        </test-method> <!-- testGetUserByName -->
        <test-method signature="testUpdateUserByName()[pri:3, instance:api.test.UserTests2@223191a6]" started-at="2023-06-29T02:13:14 IST" name="testUpdateUserByName" finished-at="2023-06-29T02:13:20 IST" duration-ms="6834" status="PASS">
          <reporter-output>
          </reporter-output>
        </test-method> <!-- testUpdateUserByName -->
        <test-method signature="testDeleteuserByName()[pri:4, instance:api.test.UserTests2@223191a6]" started-at="2023-06-29T02:13:20 IST" name="testDeleteuserByName" finished-at="2023-06-29T02:13:22 IST" duration-ms="1787" status="PASS">
          <reporter-output>
          </reporter-output>
        </test-method> <!-- testDeleteuserByName -->
      </class> <!-- api.test.UserTests2 -->
    </test> <!-- PetTests -->
  </suite> <!-- Suite -->
</testng-results>
