<?xml version="1.0" encoding="UTF-8"?>
<!-- Generated by org.testng.reporters.JUnitXMLReporter -->
<testsuite ignored="0" hostname="ShivamLaptop" failures="0" tests="4" name="PetTests" time="20.863" errors="0" timestamp="2023-06-29T01:42:09 IST">
  <testcase classname="api.test.UserTests" name="testPostUser" time="11.342"/>
  <testcase classname="api.test.UserTests" name="testGetUserByName" time="1.954"/>
  <testcase classname="api.test.UserTests" name="testUpdateUserByName" time="4.429"/>
  <testcase classname="api.test.UserTests" name="testDeleteUserByName" time="2.037"/>
</testsuite> <!-- PetTests -->
